<?xml version="1.0" encoding="UTF-8"?>
<!-- Generated by org.testng.reporters.JUnitReportReporter -->
<testsuite hostname="Confluxsyss-Mac-mini.local" failures="0" tests="5" name="test.crud.ConnectToDataBase" time="0.108" errors="0" timestamp="2022-08-01T17:28:03 IST" skipped="0">
  <testcase classname="test.crud.ConnectToDataBase" name="fetchData" time="0.023"/>
  <system-out/>
  <testcase classname="test.crud.ConnectToDataBase" name="testCaseOne" time="0.002"/>
  <system-out/>
  <testcase classname="test.crud.ConnectToDataBase" name="createTable" time="0.019"/>
  <system-out/>
  <testcase classname="test.crud.ConnectToDataBase" name="insertData" time="0.015"/>
  <system-out/>
  <testcase classname="test.crud.ConnectToDataBase" name="getData" time="0.049"/>
  <system-out/>
</testsuite> <!-- test.crud.ConnectToDataBase -->
